2011-02-22 18:54:31 Warning: Warning (2): include_once(D:\Zend\Apache2\htdocs\mortifera\app\config\database.php) [<a href='http://php.net/function.include-once'>function.include-once</a>]: failed to open stream: No such file or directory in [D:\Zend\Apache2\htdocs\mortifera\cake\libs\model\connection_manager.php, line 23]
2011-02-22 18:54:31 Warning: Warning (2): include_once() [<a href='http://php.net/function.include'>function.include</a>]: Failed opening 'D:\Zend\Apache2\htdocs\mortifera\app\config\database.php' for inclusion (include_path='D:\Zend\Apache2\htdocs\mortifera;D:\Zend\Apache2\htdocs\mortifera\app\;.;D:\Zend\ZendServer\share\ZendFramework\library') in [D:\Zend\Apache2\htdocs\mortifera\cake\libs\model\connection_manager.php, line 23]
2011-02-22 18:54:31 Error: Fatal Error (256): ConnectionManager::getDataSource - Non-existent data source default in [D:\Zend\Apache2\htdocs\mortifera\cake\libs\model\connection_manager.php, line 102]
2011-02-22 18:56:22 Warning: Warning (2): include_once(D:\Zend\Apache2\htdocs\mortifera\app\config\database.php) [<a href='http://php.net/function.include-once'>function.include-once</a>]: failed to open stream: No such file or directory in [D:\Zend\Apache2\htdocs\mortifera\cake\libs\model\connection_manager.php, line 23]
2011-02-22 18:56:22 Warning: Warning (2): include_once() [<a href='http://php.net/function.include'>function.include</a>]: Failed opening 'D:\Zend\Apache2\htdocs\mortifera\app\config\database.php' for inclusion (include_path='D:\Zend\Apache2\htdocs\mortifera;D:\Zend\Apache2\htdocs\mortifera\app\;.;D:\Zend\ZendServer\share\ZendFramework\library') in [D:\Zend\Apache2\htdocs\mortifera\cake\libs\model\connection_manager.php, line 23]
2011-02-22 18:56:22 Error: Fatal Error (256): ConnectionManager::getDataSource - Non-existent data source default in [D:\Zend\Apache2\htdocs\mortifera\cake\libs\model\connection_manager.php, line 102]
2011-02-22 18:56:25 Warning: Warning (2): include_once(D:\Zend\Apache2\htdocs\mortifera\app\config\database.php) [<a href='http://php.net/function.include-once'>function.include-once</a>]: failed to open stream: No such file or directory in [D:\Zend\Apache2\htdocs\mortifera\cake\libs\model\connection_manager.php, line 23]
2011-02-22 18:56:25 Warning: Warning (2): include_once() [<a href='http://php.net/function.include'>function.include</a>]: Failed opening 'D:\Zend\Apache2\htdocs\mortifera\app\config\database.php' for inclusion (include_path='D:\Zend\Apache2\htdocs\mortifera;D:\Zend\Apache2\htdocs\mortifera\app\;.;D:\Zend\ZendServer\share\ZendFramework\library') in [D:\Zend\Apache2\htdocs\mortifera\cake\libs\model\connection_manager.php, line 23]
2011-02-22 18:56:25 Error: Fatal Error (256): ConnectionManager::getDataSource - Non-existent data source default in [D:\Zend\Apache2\htdocs\mortifera\cake\libs\model\connection_manager.php, line 102]
2011-02-22 18:59:38 Warning: Warning (2): Missing argument 1 for Controller::redirect(), called in D:\Zend\Apache2\htdocs\mortifera\app\controllers\pages_controller.php on line 7 and defined in [D:\Zend\Apache2\htdocs\mortifera\cake\libs\controller\controller.php, line 672]
2011-02-22 20:39:30 Warning: Warning (512): <span style="color:Red;text-align:left"><b>SQL Error:</b> 1054: Unknown column 'Post.forum_id' in 'where clause'</span> in [D:\Zend\Apache2\htdocs\mortifera\cake\libs\model\datasources\dbo_source.php, line 684]
2011-02-22 20:41:20 Warning: Warning (512): <span style="color:Red;text-align:left"><b>SQL Error:</b> 1054: Unknown column 'Post.forum_id' in 'where clause'</span> in [D:\Zend\Apache2\htdocs\mortifera\cake\libs\model\datasources\dbo_source.php, line 684]
2011-02-22 20:48:40 Warning: Warning (2): strtolower() expects parameter 1 to be string, array given in [D:\Zend\Apache2\htdocs\mortifera\cake\libs\model\datasources\dbo_source.php, line 2373]
2011-02-22 20:48:40 Warning: Warning (512): <span style="color:Red;text-align:left"><b>SQL Error:</b> 1064: You have an error in your SQL syntax; check the manual that corresponds to your MySQL server version for the right syntax to use near 'Array' at line 1</span> in [D:\Zend\Apache2\htdocs\mortifera\cake\libs\model\datasources\dbo_source.php, line 684]
2011-02-22 20:53:58 Warning: Warning (512): <span style="color:Red;text-align:left"><b>SQL Error:</b> 1054: Unknown column 'Post.created' in 'order clause'</span> in [D:\Zend\Apache2\htdocs\mortifera\cake\libs\model\datasources\dbo_source.php, line 684]
2011-02-22 21:07:10 Warning: Warning (512): <span style="color:Red;text-align:left"><b>SQL Error:</b> 1064: You have an error in your SQL syntax; check the manual that corresponds to your MySQL server version for the right syntax to use near ') AS  `Topic__created`, `User`.`id`, `User`.`email`, `User`.`password`, `User`.`' at line 1</span> in [D:\Zend\Apache2\htdocs\mortifera\cake\libs\model\datasources\dbo_source.php, line 684]
2011-02-22 21:08:19 Warning: Warning (512): <span style="color:Red;text-align:left"><b>SQL Error:</b> 1064: You have an error in your SQL syntax; check the manual that corresponds to your MySQL server version for the right syntax to use near ') AS  `Topic__created`, `User`.`id`, `User`.`email`, `User`.`password`, `User`.`' at line 1</span> in [D:\Zend\Apache2\htdocs\mortifera\cake\libs\model\datasources\dbo_source.php, line 684]
2011-02-23 06:08:07 Warning: Warning (2): Invalid argument supplied for foreach() in [D:\Zend\Apache2\htdocs\mortifera\app\views\forums\news.ctp, line 18]
2011-02-23 14:51:02 Warning: Warning (512): <span style="color:Red;text-align:left"><b>SQL Error:</b> 1054: Unknown column 'Topic.order' in 'order clause'</span> in [D:\Zend\Apache2\htdocs\mortifera\cake\libs\model\datasources\dbo_source.php, line 684]
2011-02-23 14:51:02 Warning: Warning (2): Invalid argument supplied for foreach() in [D:\Zend\Apache2\htdocs\mortifera\cake\libs\model\datasources\dbo_source.php, line 1098]
2011-02-23 15:07:53 Warning: Warning (2): Invalid argument supplied for foreach() in [D:\Zend\Apache2\htdocs\mortifera\app\views\forums\index.ctp, line 20]
2011-02-23 15:08:25 Warning: Warning (2): Invalid argument supplied for foreach() in [D:\Zend\Apache2\htdocs\mortifera\app\views\forums\index.ctp, line 20]
2011-02-23 15:43:15 Warning: Warning (2): Invalid argument supplied for foreach() in [D:\Zend\Apache2\htdocs\mortifera\app\views\forums\view.ctp, line 14]
2011-02-23 16:47:23 Warning: Warning (512): <span style="color:Red;text-align:left"><b>SQL Error:</b> 1054: Unknown column 'Posts.topic_id' in 'where clause'</span> in [D:\Zend\Apache2\htdocs\mortifera\cake\libs\model\datasources\dbo_source.php, line 684]
2011-02-23 16:47:23 Warning: Warning (2): Cannot modify header information - headers already sent by (output started at D:\Zend\Apache2\htdocs\mortifera\cake\libs\debugger.php:673) in [D:\Zend\Apache2\htdocs\mortifera\cake\libs\controller\controller.php, line 742]
2011-02-23 19:37:01 Warning: Warning (512): <span style="color:Red;text-align:left"><b>SQL Error:</b> 1054: Unknown column 'Post.created' in 'field list'</span> in [D:\Zend\Apache2\htdocs\mortifera\cake\libs\model\datasources\dbo_source.php, line 684]
2011-02-23 19:37:30 Warning: Warning (512): <span style="color:Red;text-align:left"><b>SQL Error:</b> 1052: Column 'created' in field list is ambiguous</span> in [D:\Zend\Apache2\htdocs\mortifera\cake\libs\model\datasources\dbo_source.php, line 684]
2011-02-23 19:37:30 Warning: Warning (2): Invalid argument supplied for foreach() in [D:\Zend\Apache2\htdocs\mortifera\app\views\topics\view.ctp, line 11]
2011-02-23 19:41:26 Warning: Warning (512): <span style="color:Red;text-align:left"><b>SQL Error:</b> 1054: Unknown column 'Model.created' in 'field list'</span> in [D:\Zend\Apache2\htdocs\mortifera\cake\libs\model\datasources\dbo_source.php, line 684]
2011-02-23 19:41:26 Warning: Warning (2): Invalid argument supplied for foreach() in [D:\Zend\Apache2\htdocs\mortifera\app\views\topics\view.ctp, line 11]
2011-02-23 19:56:53 Warning: Warning (512): <span style="color:Red;text-align:left"><b>SQL Error:</b> 1054: Unknown column 'Post.created' in 'field list'</span> in [D:\Zend\Apache2\htdocs\mortifera\cake\libs\model\datasources\dbo_source.php, line 684]
2011-02-23 21:15:44 Warning: Warning (2): Missing argument 1 for Controller::redirect(), called in D:\Zend\Apache2\htdocs\mortifera\app\controllers\users_controller.php on line 5 and defined in [D:\Zend\Apache2\htdocs\mortifera\cake\libs\controller\controller.php, line 672]
2011-02-23 21:15:54 Warning: Warning (2): Missing argument 1 for Controller::redirect(), called in D:\Zend\Apache2\htdocs\mortifera\app\controllers\users_controller.php on line 5 and defined in [D:\Zend\Apache2\htdocs\mortifera\cake\libs\controller\controller.php, line 672]
2011-02-23 22:42:34 Warning: Warning (512): <span style="color:Red;text-align:left"><b>SQL Error:</b> 1364: Field 'email' doesn't have a default value</span> in [D:\Zend\Apache2\htdocs\mortifera\cake\libs\model\datasources\dbo_source.php, line 684]
2011-02-23 22:42:38 Warning: Warning (512): <span style="color:Red;text-align:left"><b>SQL Error:</b> 1364: Field 'email' doesn't have a default value</span> in [D:\Zend\Apache2\htdocs\mortifera\cake\libs\model\datasources\dbo_source.php, line 684]
2011-02-23 22:57:58 Warning: Warning (512): <span style="color:Red;text-align:left"><b>SQL Error:</b> 1364: Field 'password' doesn't have a default value</span> in [D:\Zend\Apache2\htdocs\mortifera\cake\libs\model\datasources\dbo_source.php, line 684]
2011-02-23 22:58:37 Warning: Warning (512): <span style="color:Red;text-align:left"><b>SQL Error:</b> 1364: Field 'password' doesn't have a default value</span> in [D:\Zend\Apache2\htdocs\mortifera\cake\libs\model\datasources\dbo_source.php, line 684]
2011-02-23 22:58:51 Warning: Warning (512): <span style="color:Red;text-align:left"><b>SQL Error:</b> 1364: Field 'password' doesn't have a default value</span> in [D:\Zend\Apache2\htdocs\mortifera\cake\libs\model\datasources\dbo_source.php, line 684]
2011-02-23 23:03:52 Warning: Warning (2): preg_match() [<a href='http://php.net/function.preg-match'>function.preg-match</a>]: Delimiter must not be alphanumeric or backslash in [D:\Zend\Apache2\htdocs\mortifera\cake\libs\model\model.php, line 2611]
2011-02-23 23:04:00 Warning: Warning (2): preg_match() [<a href='http://php.net/function.preg-match'>function.preg-match</a>]: Delimiter must not be alphanumeric or backslash in [D:\Zend\Apache2\htdocs\mortifera\cake\libs\model\model.php, line 2611]
2011-02-23 23:04:07 Warning: Warning (2): preg_match() [<a href='http://php.net/function.preg-match'>function.preg-match</a>]: Delimiter must not be alphanumeric or backslash in [D:\Zend\Apache2\htdocs\mortifera\cake\libs\model\model.php, line 2611]
2011-02-23 23:04:27 Warning: Warning (2): preg_match() [<a href='http://php.net/function.preg-match'>function.preg-match</a>]: Delimiter must not be alphanumeric or backslash in [D:\Zend\Apache2\htdocs\mortifera\cake\libs\model\model.php, line 2611]
2011-02-23 23:04:40 Warning: Warning (2): preg_match() [<a href='http://php.net/function.preg-match'>function.preg-match</a>]: Delimiter must not be alphanumeric or backslash in [D:\Zend\Apache2\htdocs\mortifera\cake\libs\model\model.php, line 2611]
2011-02-23 23:05:05 Warning: Warning (2): preg_match() [<a href='http://php.net/function.preg-match'>function.preg-match</a>]: Delimiter must not be alphanumeric or backslash in [D:\Zend\Apache2\htdocs\mortifera\cake\libs\model\model.php, line 2611]
2011-02-24 06:12:37 Warning: Warning (2): array_merge() [<a href='http://php.net/function.array-merge'>function.array-merge</a>]: Argument #2 is not an array in [D:\Zend\Apache2\htdocs\mortifera\cake\libs\view\helpers\form.php, line 241]
2011-02-24 06:12:37 Warning: Warning (2): array_merge() [<a href='http://php.net/function.array-merge'>function.array-merge</a>]: Argument #2 is not an array in [D:\Zend\Apache2\htdocs\mortifera\cake\libs\view\helpers\form.php, line 716]
2011-02-24 06:30:48 Warning: Warning (2): preg_match() expects parameter 2 to be string, array given in [D:\Zend\Apache2\htdocs\mortifera\cake\libs\validation.php, line 946]
2011-02-24 06:32:38 Warning: Warning (2): mb_strlen() expects parameter 1 to be string, array given in [D:\Zend\Apache2\htdocs\mortifera\cake\libs\validation.php, line 617]
2011-02-24 06:33:01 Warning: Warning (2): mb_strlen() expects parameter 1 to be string, array given in [D:\Zend\Apache2\htdocs\mortifera\cake\libs\validation.php, line 617]
2011-02-24 06:35:19 Warning: Warning (2): preg_match() expects parameter 2 to be string, array given in [D:\Zend\Apache2\htdocs\mortifera\cake\libs\validation.php, line 946]
2011-02-24 06:37:02 Warning: Warning (512): <span style="color:Red;text-align:left"><b>SQL Error:</b> 1364: Field 'forum_id' doesn't have a default value</span> in [D:\Zend\Apache2\htdocs\mortifera\cake\libs\model\datasources\dbo_source.php, line 684]
2011-02-24 06:37:57 Warning: Warning (512): <span style="color:Red;text-align:left"><b>SQL Error:</b> 1364: Field 'topic_id' doesn't have a default value</span> in [D:\Zend\Apache2\htdocs\mortifera\cake\libs\model\datasources\dbo_source.php, line 684]
2011-02-24 06:48:18 Warning: Warning (512): <span style="color:Red;text-align:left"><b>SQL Error:</b> 1364: Field 'topic_id' doesn't have a default value</span> in [D:\Zend\Apache2\htdocs\mortifera\cake\libs\model\datasources\dbo_source.php, line 684]
2011-02-24 06:50:07 Warning: Warning (512): <span style="color:Red;text-align:left"><b>SQL Error:</b> 1364: Field 'topic_id' doesn't have a default value</span> in [D:\Zend\Apache2\htdocs\mortifera\cake\libs\model\datasources\dbo_source.php, line 684]
2011-02-24 06:52:38 Warning: Warning (512): <span style="color:Red;text-align:left"><b>SQL Error:</b> 1364: Field 'topic_id' doesn't have a default value</span> in [D:\Zend\Apache2\htdocs\mortifera\cake\libs\model\datasources\dbo_source.php, line 684]
2011-02-24 06:53:11 Warning: Warning (512): <span style="color:Red;text-align:left"><b>SQL Error:</b> 1364: Field 'topic_id' doesn't have a default value</span> in [D:\Zend\Apache2\htdocs\mortifera\cake\libs\model\datasources\dbo_source.php, line 684]
2011-02-24 06:54:01 Warning: Warning (512): <span style="color:Red;text-align:left"><b>SQL Error:</b> 1364: Field 'topic_id' doesn't have a default value</span> in [D:\Zend\Apache2\htdocs\mortifera\cake\libs\model\datasources\dbo_source.php, line 684]
2011-02-24 06:54:12 Warning: Warning (512): <span style="color:Red;text-align:left"><b>SQL Error:</b> 1364: Field 'topic_id' doesn't have a default value</span> in [D:\Zend\Apache2\htdocs\mortifera\cake\libs\model\datasources\dbo_source.php, line 684]
2011-02-24 06:54:18 Warning: Warning (512): <span style="color:Red;text-align:left"><b>SQL Error:</b> 1364: Field 'topic_id' doesn't have a default value</span> in [D:\Zend\Apache2\htdocs\mortifera\cake\libs\model\datasources\dbo_source.php, line 684]
2011-02-24 06:54:34 Warning: Warning (512): <span style="color:Red;text-align:left"><b>SQL Error:</b> 1364: Field 'topic_id' doesn't have a default value</span> in [D:\Zend\Apache2\htdocs\mortifera\cake\libs\model\datasources\dbo_source.php, line 684]
2011-02-24 06:55:11 Warning: Warning (512): <span style="color:Red;text-align:left"><b>SQL Error:</b> 1364: Field 'topic_id' doesn't have a default value</span> in [D:\Zend\Apache2\htdocs\mortifera\cake\libs\model\datasources\dbo_source.php, line 684]
2011-02-24 06:55:24 Warning: Warning (512): <span style="color:Red;text-align:left"><b>SQL Error:</b> 1364: Field 'topic_id' doesn't have a default value</span> in [D:\Zend\Apache2\htdocs\mortifera\cake\libs\model\datasources\dbo_source.php, line 684]
2011-02-24 06:57:30 Warning: Warning (512): <span style="color:Red;text-align:left"><b>SQL Error:</b> 1364: Field 'topic_id' doesn't have a default value</span> in [D:\Zend\Apache2\htdocs\mortifera\cake\libs\model\datasources\dbo_source.php, line 684]
2011-02-24 07:10:43 Warning: Warning (512): <span style="color:Red;text-align:left"><b>SQL Error:</b> 1054: Unknown column 'conditions' in 'where clause'</span> in [D:\Zend\Apache2\htdocs\mortifera\cake\libs\model\datasources\dbo_source.php, line 684]
2011-02-24 07:10:43 Warning: Warning (2): Invalid argument supplied for foreach() in [D:\Zend\Apache2\htdocs\mortifera\app\views\forums\view.ctp, line 17]
2011-02-24 07:12:42 Warning: Warning (512): <span style="color:Red;text-align:left"><b>SQL Error:</b> 1064: You have an error in your SQL syntax; check the manual that corresponds to your MySQL server version for the right syntax to use near 'order = ('desc')' at line 1</span> in [D:\Zend\Apache2\htdocs\mortifera\cake\libs\model\datasources\dbo_source.php, line 684]
2011-02-24 07:12:42 Warning: Warning (512): <span style="color:Red;text-align:left"><b>SQL Error:</b> 1064: You have an error in your SQL syntax; check the manual that corresponds to your MySQL server version for the right syntax to use near 'order = ('desc')    LIMIT 20' at line 1</span> in [D:\Zend\Apache2\htdocs\mortifera\cake\libs\model\datasources\dbo_source.php, line 684]
2011-02-24 07:12:42 Warning: Warning (2): Invalid argument supplied for foreach() in [D:\Zend\Apache2\htdocs\mortifera\app\views\forums\view.ctp, line 17]
2011-02-24 07:13:01 Warning: Warning (512): <span style="color:Red;text-align:left"><b>SQL Error:</b> 1054: Unknown column 'order' in 'where clause'</span> in [D:\Zend\Apache2\htdocs\mortifera\cake\libs\model\datasources\dbo_source.php, line 684]
2011-02-24 07:13:01 Warning: Warning (2): Invalid argument supplied for foreach() in [D:\Zend\Apache2\htdocs\mortifera\app\views\forums\view.ctp, line 17]
2011-02-24 08:09:14 Warning: Warning (2): require(D:\Zend\Apache2\htdocs\mortifera\app\models\topic.php) [<a href='http://php.net/function.require'>function.require</a>]: failed to open stream: Permission denied in [D:\Zend\Apache2\htdocs\mortifera\cake\libs\configure.php, line 1059]
2011-02-24 08:15:28 Warning: Warning (2): require(D:\Zend\Apache2\htdocs\mortifera\app\models\topic.php) [<a href='http://php.net/function.require'>function.require</a>]: failed to open stream: Permission denied in [D:\Zend\Apache2\htdocs\mortifera\cake\libs\configure.php, line 1059]
2011-02-24 08:15:29 Warning: Warning (512): <span style="color:Red;text-align:left"><b>SQL Error:</b> 1064: You have an error in your SQL syntax; check the manual that corresponds to your MySQL server version for the right syntax to use near 'LIMIT 1' at line 1</span> in [D:\Zend\Apache2\htdocs\mortifera\cake\libs\model\datasources\dbo_source.php, line 684]
2011-02-24 08:15:29 Warning: Warning (2): Invalid argument supplied for foreach() in [D:\Zend\Apache2\htdocs\mortifera\cake\libs\model\datasources\dbo_source.php, line 1098]
2011-02-24 08:24:18 Warning: Warning (512): <span style="color:Red;text-align:left"><b>SQL Error:</b> 1064: You have an error in your SQL syntax; check the manual that corresponds to your MySQL server version for the right syntax to use near 'LIMIT 1' at line 1</span> in [D:\Zend\Apache2\htdocs\mortifera\cake\libs\model\datasources\dbo_source.php, line 684]
2011-02-24 08:24:18 Warning: Warning (2): Invalid argument supplied for foreach() in [D:\Zend\Apache2\htdocs\mortifera\cake\libs\model\datasources\dbo_source.php, line 1098]
2011-02-24 08:25:00 Warning: Warning (512): <span style="color:Red;text-align:left"><b>SQL Error:</b> 1064: You have an error in your SQL syntax; check the manual that corresponds to your MySQL server version for the right syntax to use near 'LIMIT 1' at line 1</span> in [D:\Zend\Apache2\htdocs\mortifera\cake\libs\model\datasources\dbo_source.php, line 684]
2011-02-24 08:25:00 Warning: Warning (2): Invalid argument supplied for foreach() in [D:\Zend\Apache2\htdocs\mortifera\cake\libs\model\datasources\dbo_source.php, line 1098]
2011-02-24 12:17:21 Warning: Warning (2): require(D:\Zend\Apache2\htdocs\mortifera\app\controllers\forums_controller.php) [<a href='http://php.net/function.require'>function.require</a>]: failed to open stream: Permission denied in [D:\Zend\Apache2\htdocs\mortifera\cake\libs\configure.php, line 1059]
2011-02-24 12:23:34 Warning: Warning (512): Method TimeHelper::age does not exist in [D:\Zend\Apache2\htdocs\mortifera\cake\libs\view\helper.php, line 154]
2011-02-24 12:24:22 Warning: Warning (2): Division by zero in [D:\Zend\Apache2\htdocs\mortifera\cake\libs\view\helpers\time.php, line 741]
2011-02-24 12:24:52 Warning: Warning (2): Division by zero in [D:\Zend\Apache2\htdocs\mortifera\cake\libs\view\helpers\time.php, line 741]
2011-02-24 12:24:58 Warning: Warning (2): Division by zero in [D:\Zend\Apache2\htdocs\mortifera\cake\libs\view\helpers\time.php, line 741]
2011-02-24 12:25:18 Warning: Warning (2): Division by zero in [D:\Zend\Apache2\htdocs\mortifera\cake\libs\view\helpers\time.php, line 741]
2011-02-24 12:25:21 Warning: Warning (2): Division by zero in [D:\Zend\Apache2\htdocs\mortifera\cake\libs\view\helpers\time.php, line 741]
2011-02-24 12:25:37 Warning: Warning (2): Division by zero in [D:\Zend\Apache2\htdocs\mortifera\cake\libs\view\helpers\time.php, line 741]
2011-02-24 12:27:00 Warning: Warning (2): Division by zero in [D:\Zend\Apache2\htdocs\mortifera\cake\libs\view\helpers\time.php, line 741]
2011-02-24 12:27:30 Warning: Warning (2): Division by zero in [D:\Zend\Apache2\htdocs\mortifera\cake\libs\view\helpers\time.php, line 741]
2011-02-24 17:52:42 Warning: Warning (512): Method TimeHelper::age does not exist in [D:\Zend\Apache2\htdocs\mortifera\cake\libs\view\helper.php, line 154]
2011-02-24 17:53:01 Warning: Warning (512): Method TimeHelper::age does not exist in [D:\Zend\Apache2\htdocs\mortifera\cake\libs\view\helper.php, line 154]
2011-02-25 09:42:03 Warning: Warning (512): <span style="color:Red;text-align:left"><b>SQL Error:</b> 1054: Unknown column 'Array' in 'where clause'</span> in [D:\Zend\Apache2\htdocs\mortifera\cake\libs\model\datasources\dbo_source.php, line 684]
2011-02-25 11:22:52 Warning: Warning (2): in_array() expects parameter 2 to be array, null given in [D:\Zend\Apache2\htdocs\mortifera\app\views\forums\index.ctp, line 13]
2011-02-25 12:37:11 Warning: Warning (4096): Object of class UsersController could not be converted to string in [D:\Zend\Apache2\htdocs\mortifera\app\controllers\users_controller.php, line 76]
2011-02-25 12:38:22 Warning: Warning (4096): Object of class UsersController could not be converted to string in [D:\Zend\Apache2\htdocs\mortifera\app\controllers\users_controller.php, line 82]
2011-02-25 12:38:43 Warning: Warning (4096): Object of class UsersController could not be converted to string in [D:\Zend\Apache2\htdocs\mortifera\app\controllers\users_controller.php, line 82]
2011-02-25 12:40:45 Warning: Warning (4096): Object of class UsersController could not be converted to string in [D:\Zend\Apache2\htdocs\mortifera\app\controllers\users_controller.php, line 82]
2011-02-25 12:41:28 Warning: Warning (4096): Object of class UsersController could not be converted to string in [D:\Zend\Apache2\htdocs\mortifera\app\controllers\users_controller.php, line 85]
2011-02-25 12:42:49 Warning: Warning (4096): Object of class UsersController could not be converted to string in [D:\Zend\Apache2\htdocs\mortifera\app\controllers\users_controller.php, line 85]
2011-03-12 20:28:24 Warning: Warning (512): <span style="color:Red;text-align:left"><b>SQL Error:</b> 1054: Unknown column 'Forum.group_id' in 'on clause'</span> in [D:\Zend\Apache2\htdocs\mortifera\cake\libs\model\datasources\dbo_source.php, line 684]
2011-03-12 20:28:24 Warning: Warning (2): Invalid argument supplied for foreach() in [D:\Zend\Apache2\htdocs\mortifera\app\views\forums\index.ctp, line 12]
2011-03-12 20:30:19 Warning: Warning (512): <span style="color:Red;text-align:left"><b>SQL Error:</b> 1054: Unknown column 'Forum.order' in 'order clause'</span> in [D:\Zend\Apache2\htdocs\mortifera\cake\libs\model\datasources\dbo_source.php, line 684]
2011-03-12 20:30:19 Warning: Warning (2): Invalid argument supplied for foreach() in [D:\Zend\Apache2\htdocs\mortifera\app\views\forums\index.ctp, line 12]
2011-03-12 20:30:27 Warning: Warning (512): <span style="color:Red;text-align:left"><b>SQL Error:</b> 1054: Unknown column 'Forum.order' in 'order clause'</span> in [D:\Zend\Apache2\htdocs\mortifera\cake\libs\model\datasources\dbo_source.php, line 684]
2011-03-12 20:30:27 Warning: Warning (2): Invalid argument supplied for foreach() in [D:\Zend\Apache2\htdocs\mortifera\app\views\forums\index.ctp, line 12]
2011-03-12 20:33:33 Warning: Warning (512): <span style="color:Red;text-align:left"><b>SQL Error:</b> 1054: Unknown column 'Forum.order' in 'order clause'</span> in [D:\Zend\Apache2\htdocs\mortifera\cake\libs\model\datasources\dbo_source.php, line 684]
2011-03-12 20:33:33 Warning: Warning (2): Invalid argument supplied for foreach() in [D:\Zend\Apache2\htdocs\mortifera\app\views\forums\index.ctp, line 12]
2011-03-12 20:36:03 Warning: Warning (512): <span style="color:Red;text-align:left"><b>SQL Error:</b> 1364: Field 'username' doesn't have a default value</span> in [D:\Zend\Apache2\htdocs\mortifera\cake\libs\model\datasources\dbo_source.php, line 684]
2011-03-12 20:49:07 Warning: Warning (512): <span style="color:Red;text-align:left"><b>SQL Error:</b> 1054: Unknown column 'Post.forum_id' in 'on clause'</span> in [D:\Zend\Apache2\htdocs\mortifera\cake\libs\model\datasources\dbo_source.php, line 684]
2011-03-12 20:49:07 Warning: Warning (2): Invalid argument supplied for foreach() in [D:\Zend\Apache2\htdocs\mortifera\app\views\topics\view.ctp, line 13]
2011-03-12 22:40:31 Warning: Warning (512): <span style="color:Red;text-align:left"><b>SQL Error:</b> 1054: Unknown column 'Role.id' in 'field list'</span> in [D:\Zend\Apache2\htdocs\mortifera\cake\libs\model\datasources\dbo_source.php, line 684]
2011-03-12 22:47:27 Warning: Warning (2): Invalid argument supplied for foreach() in [D:\Zend\Apache2\htdocs\mortifera\cake\libs\model\model.php, line 578]
2011-03-12 22:48:37 Warning: Warning (2): Invalid argument supplied for foreach() in [D:\Zend\Apache2\htdocs\mortifera\cake\libs\model\model.php, line 578]
2011-03-12 22:48:47 Warning: Warning (2): Invalid argument supplied for foreach() in [D:\Zend\Apache2\htdocs\mortifera\cake\libs\model\model.php, line 578]
2011-03-12 22:52:40 Warning: Warning (2): Invalid argument supplied for foreach() in [D:\Zend\Apache2\htdocs\mortifera\cake\libs\model\model.php, line 578]
2011-03-12 23:40:40 Warning: Warning (512): <span style="color:Red;text-align:left"><b>SQL Error:</b> 1111: Invalid use of group function</span> in [D:\Zend\Apache2\htdocs\mortifera\cake\libs\model\datasources\dbo_source.php, line 684]
2011-03-12 23:43:49 Warning: Warning (512): <span style="color:Red;text-align:left"><b>SQL Error:</b> 1054: Unknown column 'Topic.id' in 'where clause'</span> in [D:\Zend\Apache2\htdocs\mortifera\cake\libs\model\datasources\dbo_source.php, line 684]
2011-03-13 09:41:39 Warning: Warning (2): Division by zero in [D:\Zend\Apache2\htdocs\mortifera\cake\libs\view\helpers\time.php, line 746]
2011-03-13 09:42:09 Warning: Warning (2): Division by zero in [D:\Zend\Apache2\htdocs\mortifera\cake\libs\view\helpers\time.php, line 746]
2011-03-13 09:42:32 Warning: Warning (2): Division by zero in [D:\Zend\Apache2\htdocs\mortifera\cake\libs\view\helpers\time.php, line 746]
